<?xml version="1.0" encoding="UTF-8"?>
<!-- Generated by org.testng.reporters.JUnitReportReporter -->
<testsuite hostname="LAPTOP-S39KFG9R" failures="0" tests="2" name="tests.SearchGoogleTest" time="25.656" errors="0" timestamp="2024-10-07T15:34:39 CST" skipped="1">
  <testcase classname="tests.SearchGoogleTest" name="SearchOnGoogleFactory" time="25.656"/>
  <system-out/>
  <testcase classname="tests.SearchGoogleTest" name="SearchOnGoogle">
    <skipped/>
  </testcase> <!-- SearchOnGoogle -->
  <system-out/>
</testsuite> <!-- tests.SearchGoogleTest -->
